This is pdfTeX, Version 3.14159265-2.6-1.40.20 (TeX Live 2019/Debian) (preloaded format=pdflatex 2020.10.20)  12 NOV 2020 19:54
entering extended mode
 restricted \write18 enabled.
 %&-line parsing enabled.
**report.tex
(./report.tex
LaTeX2e <2020-02-02> patch level 2
L3 programming layer <2020-02-14>
(/usr/share/texlive/texmf-dist/tex/latex/base/article.cls
Document Class: article 2019/12/20 v1.4l Standard LaTeX document class
(/usr/share/texlive/texmf-dist/tex/latex/base/size10.clo
File: size10.clo 2019/12/20 v1.4l Standard LaTeX file (size option)
)
\c@part=\count167
\c@section=\count168
\c@subsection=\count169
\c@subsubsection=\count170
\c@paragraph=\count171
\c@subparagraph=\count172
\c@figure=\count173
\c@table=\count174
\abovecaptionskip=\skip47
\belowcaptionskip=\skip48
\bibindent=\dimen134
)
(/usr/share/texlive/texmf-dist/tex/latex/geometry/geometry.sty
Package: geometry 2020/01/02 v5.9 Page Geometry

(/usr/share/texlive/texmf-dist/tex/latex/graphics/keyval.sty
Package: keyval 2014/10/28 v1.15 key=value parser (DPC)
\KV@toks@=\toks14
)
(/usr/share/texlive/texmf-dist/tex/generic/iftex/ifvtex.sty
Package: ifvtex 2019/10/25 v1.7 ifvtex legacy package. Use iftex instead.

(/usr/share/texlive/texmf-dist/tex/generic/iftex/iftex.sty
Package: iftex 2019/11/07 v1.0c TeX engine tests
))
\Gm@cnth=\count175
\Gm@cntv=\count176
\c@Gm@tempcnt=\count177
\Gm@bindingoffset=\dimen135
\Gm@wd@mp=\dimen136
\Gm@odd@mp=\dimen137
\Gm@even@mp=\dimen138
\Gm@layoutwidth=\dimen139
\Gm@layoutheight=\dimen140
\Gm@layouthoffset=\dimen141
\Gm@layoutvoffset=\dimen142
\Gm@dimlist=\toks15
)
(/usr/share/texlive/texmf-dist/tex/latex/graphics/graphicx.sty
Package: graphicx 2019/11/30 v1.2a Enhanced LaTeX Graphics (DPC,SPQR)

(/usr/share/texlive/texmf-dist/tex/latex/graphics/graphics.sty
Package: graphics 2019/11/30 v1.4a Standard LaTeX Graphics (DPC,SPQR)

(/usr/share/texlive/texmf-dist/tex/latex/graphics/trig.sty
Package: trig 2016/01/03 v1.10 sin cos tan (DPC)
)
(/usr/share/texlive/texmf-dist/tex/latex/graphics-cfg/graphics.cfg
File: graphics.cfg 2016/06/04 v1.11 sample graphics configuration
)
Package graphics Info: Driver file: pdftex.def on input line 105.

(/usr/share/texlive/texmf-dist/tex/latex/graphics-def/pdftex.def
File: pdftex.def 2018/01/08 v1.0l Graphics/color driver for pdftex
))
\Gin@req@height=\dimen143
\Gin@req@width=\dimen144
)
(/usr/share/texlive/texmf-dist/tex/latex/natbib/natbib.sty
Package: natbib 2010/09/13 8.31b (PWD, AO)
\bibhang=\skip49
\bibsep=\skip50
LaTeX Info: Redefining \cite on input line 694.
\c@NAT@ctr=\count178
)
(/usr/share/texlive/texmf-dist/tex/latex/amsmath/amsmath.sty
Package: amsmath 2020/01/20 v2.17e AMS math features
\@mathmargin=\skip51

For additional information on amsmath, use the `?' option.
(/usr/share/texlive/texmf-dist/tex/latex/amsmath/amstext.sty
Package: amstext 2000/06/29 v2.01 AMS text

(/usr/share/texlive/texmf-dist/tex/latex/amsmath/amsgen.sty
File: amsgen.sty 1999/11/30 v2.0 generic functions
\@emptytoks=\toks16
\ex@=\dimen145
))
(/usr/share/texlive/texmf-dist/tex/latex/amsmath/amsbsy.sty
Package: amsbsy 1999/11/29 v1.2d Bold Symbols
\pmbraise@=\dimen146
)
(/usr/share/texlive/texmf-dist/tex/latex/amsmath/amsopn.sty
Package: amsopn 2016/03/08 v2.02 operator names
)
\inf@bad=\count179
LaTeX Info: Redefining \frac on input line 227.
\uproot@=\count180
\leftroot@=\count181
LaTeX Info: Redefining \overline on input line 389.
\classnum@=\count182
\DOTSCASE@=\count183
LaTeX Info: Redefining \ldots on input line 486.
LaTeX Info: Redefining \dots on input line 489.
LaTeX Info: Redefining \cdots on input line 610.
\Mathstrutbox@=\box45
\strutbox@=\box46
\big@size=\dimen147
LaTeX Font Info:    Redeclaring font encoding OML on input line 733.
LaTeX Font Info:    Redeclaring font encoding OMS on input line 734.
\macc@depth=\count184
\c@MaxMatrixCols=\count185
\dotsspace@=\muskip16
\c@parentequation=\count186
\dspbrk@lvl=\count187
\tag@help=\toks17
\row@=\count188
\column@=\count189
\maxfields@=\count190
\andhelp@=\toks18
\eqnshift@=\dimen148
\alignsep@=\dimen149
\tagshift@=\dimen150
\tagwidth@=\dimen151
\totwidth@=\dimen152
\lineht@=\dimen153
\@envbody=\toks19
\multlinegap=\skip52
\multlinetaggap=\skip53
\mathdisplay@stack=\toks20
LaTeX Info: Redefining \[ on input line 2859.
LaTeX Info: Redefining \] on input line 2860.
)
(/usr/share/texlive/texmf-dist/tex/latex/caption/subcaption.sty
Package: subcaption 2020/01/22 v1.3d Sub-captions (AR)

(/usr/share/texlive/texmf-dist/tex/latex/caption/caption.sty
Package: caption 2020/01/03 v3.4h Customizing captions (AR)

(/usr/share/texlive/texmf-dist/tex/latex/caption/caption3.sty
Package: caption3 2020/01/03 v1.8h caption3 kernel (AR)
Package caption3 Info: TeX engine: e-TeX on input line 61.
\captionmargin=\dimen154
\captionmargin@=\dimen155
\captionwidth=\dimen156
\caption@tempdima=\dimen157
\caption@indent=\dimen158
\caption@parindent=\dimen159
\caption@hangindent=\dimen160
Package caption Info: Standard document class detected.
)
\c@caption@flags=\count191
\c@continuedfloat=\count192
)
\c@subfigure=\count193
\c@subtable=\count194
)
(/usr/share/texlive/texmf-dist/tex/latex/float/float.sty
Package: float 2001/11/08 v1.3d Float enhancements (AL)
\c@float@type=\count195
\float@exts=\toks21
\float@box=\box47
\@float@everytoks=\toks22
\@floatcapt=\box48
)
(/usr/share/texlive/texmf-dist/tex/latex/l3backend/l3backend-pdfmode.def
File: l3backend-pdfmode.def 2020-02-03 L3 backend support: PDF mode
\l__kernel_color_stack_int=\count196
\l__pdf_internal_box=\box49
)
(./report.aux

LaTeX Warning: Label `serial_coefs' multiply defined.

)
\openout1 = `report.aux'.

LaTeX Font Info:    Checking defaults for OML/cmm/m/it on input line 66.
LaTeX Font Info:    ... okay on input line 66.
LaTeX Font Info:    Checking defaults for OMS/cmsy/m/n on input line 66.
LaTeX Font Info:    ... okay on input line 66.
LaTeX Font Info:    Checking defaults for OT1/cmr/m/n on input line 66.
LaTeX Font Info:    ... okay on input line 66.
LaTeX Font Info:    Checking defaults for T1/cmr/m/n on input line 66.
LaTeX Font Info:    ... okay on input line 66.
LaTeX Font Info:    Checking defaults for TS1/cmr/m/n on input line 66.
LaTeX Font Info:    ... okay on input line 66.
LaTeX Font Info:    Checking defaults for OMX/cmex/m/n on input line 66.
LaTeX Font Info:    ... okay on input line 66.
LaTeX Font Info:    Checking defaults for U/cmr/m/n on input line 66.
LaTeX Font Info:    ... okay on input line 66.

*geometry* driver: auto-detecting
*geometry* detected driver: pdftex
*geometry* verbose mode - [ preamble ] result:
* driver: pdftex
* paper: a4paper
* layout: <same size as paper>
* layoutoffset:(h,v)=(0.0pt,0.0pt)
* modes: 
* h-part:(L,W,R)=(42.67912pt, 512.14963pt, 42.67912pt)
* v-part:(T,H,B)=(101.40665pt, 672.50832pt, 71.13188pt)
* \paperwidth=597.50787pt
* \paperheight=845.04684pt
* \textwidth=512.14963pt
* \textheight=672.50832pt
* \oddsidemargin=-29.59087pt
* \evensidemargin=-29.59087pt
* \topmargin=-7.86334pt
* \headheight=12.0pt
* \headsep=25.0pt
* \topskip=10.0pt
* \footskip=30.0pt
* \marginparwidth=65.0pt
* \marginparsep=11.0pt
* \columnsep=10.0pt
* \skip\footins=9.0pt plus 4.0pt minus 2.0pt
* \hoffset=0.0pt
* \voffset=0.0pt
* \mag=1000
* \@twocolumnfalse
* \@twosidefalse
* \@mparswitchfalse
* \@reversemarginfalse
* (1in=72.27pt=25.4mm, 1cm=28.453pt)

(/usr/share/texlive/texmf-dist/tex/context/base/mkii/supp-pdf.mkii
[Loading MPS to PDF converter (version 2006.09.02).]
\scratchcounter=\count197
\scratchdimen=\dimen161
\scratchbox=\box50
\nofMPsegments=\count198
\nofMParguments=\count199
\everyMPshowfont=\toks23
\MPscratchCnt=\count266
\MPscratchDim=\dimen162
\MPnumerator=\count267
\makeMPintoPDFobject=\count268
\everyMPtoPDFconversion=\toks24
) (/usr/share/texlive/texmf-dist/tex/latex/epstopdf-pkg/epstopdf-base.sty
Package: epstopdf-base 2020-01-24 v2.11 Base part for package epstopdf
Package epstopdf-base Info: Redefining graphics rule for `.eps' on input line 4
85.

(/usr/share/texlive/texmf-dist/tex/latex/latexconfig/epstopdf-sys.cfg
File: epstopdf-sys.cfg 2010/07/13 v1.3 Configuration of (r)epstopdf for TeX Liv
e
))
Package caption Info: Begin \AtBeginDocument code.
Package caption Info: float package is loaded.
Package caption Info: End \AtBeginDocument code.

(./report.toc)
\tf@toc=\write3
\openout3 = `report.toc'.

 [1

{/var/lib/texmf/fonts/map/pdftex/updmap/pdftex.map}]
Overfull \hbox (8.17633pt too wide) in paragraph at lines 105--106
[]\OT1/cmr/m/n/10 Each pro-ces-sor now holds $\OML/cmm/m/it/10 N=c$ \OT1/cmr/m/
n/10 num-bers and per-forms $[]$ ad-di-tion op-er-a-tions, which takes a time $
[] \OML/cmm/m/it/10 T[]$ 
 []

<./plots/th_scaling_0.jpg, id=16, 1027.84pt x 964.60374pt>
File: ./plots/th_scaling_0.jpg Graphic file (type jpg)
<use ./plots/th_scaling_0.jpg>
Package pdftex.def Info: ./plots/th_scaling_0.jpg  used on input line 137.
(pdftex.def)             Requested size: 307.28899pt x 288.38249pt.

Overfull \hbox (51.21417pt too wide) in paragraph at lines 137--138
[][] 
 []

<./plots/th_scaling_1.jpg, id=17, 1037.8775pt x 964.60374pt>
File: ./plots/th_scaling_1.jpg Graphic file (type jpg)
<use ./plots/th_scaling_1.jpg>
Package pdftex.def Info: ./plots/th_scaling_1.jpg  used on input line 143.
(pdftex.def)             Requested size: 307.28899pt x 285.60066pt.

Overfull \hbox (51.21417pt too wide) in paragraph at lines 143--144
[][] 
 []


Overfull \hbox (2.22221pt too wide) in paragraph at lines 136--147
[][] [] 
 []

[2 <./plots/th_scaling_0.jpg> <./plots/th_scaling_1.jpg>]
<./plots/th_scaling_2.jpg, id=26, 1037.8775pt x 964.60374pt>
File: ./plots/th_scaling_2.jpg Graphic file (type jpg)
<use ./plots/th_scaling_2.jpg>
Package pdftex.def Info: ./plots/th_scaling_2.jpg  used on input line 189.
(pdftex.def)             Requested size: 281.68385pt x 261.80061pt.

Overfull \hbox (25.60904pt too wide) in paragraph at lines 189--190
[][] 
 []

<./plots/th_scaling_comp.jpg, id=27, 1037.8775pt x 964.60374pt>
File: ./plots/th_scaling_comp.jpg Graphic file (type jpg)
<use ./plots/th_scaling_comp.jpg>
Package pdftex.def Info: ./plots/th_scaling_comp.jpg  used on input line 195.
(pdftex.def)             Requested size: 281.68385pt x 261.80061pt.

Overfull \hbox (25.60904pt too wide) in paragraph at lines 195--196
[][] 
 []


Overfull \hbox (2.22221pt too wide) in paragraph at lines 188--199
[]$[]$ $[]$ 
 []

[3]
Overfull \hbox (5.80942pt too wide) in paragraph at lines 216--217
[]\OT1/cmr/m/n/10 First, the se-rial per-for-mance of the al-go-rithm was teste
d for var-i-ous val-ues of the prob-lem size: $\OML/cmm/m/it/10 N \OT1/cmr/m/n/
10 = \OMS/cmsy/m/n/10 f\OT1/cmr/m/n/10 10[]\OML/cmm/m/it/10 ; \OT1/cmr/m/n/10 1
0[]\OML/cmm/m/it/10 ; \OT1/cmr/m/n/10 10[]\OML/cmm/m/it/10 ; \OT1/cmr/m/n/10 10
[]\OMS/cmsy/m/n/10 g$\OT1/cmr/m/n/10 .
 []

<./plots/Serial_times.jpg, id=31, 1017.8025pt x 964.60374pt>
File: ./plots/Serial_times.jpg Graphic file (type jpg)
<use ./plots/Serial_times.jpg>
Package pdftex.def Info: ./plots/Serial_times.jpg  used on input line 221.
(pdftex.def)             Requested size: 245.83525pt x 232.98149pt.

Overfull \hbox (2.2222pt too wide) in paragraph at lines 219--252
[]$[]$ $[]$ 
 []

[4 <./plots/th_scaling_2.jpg> <./plots/th_scaling_comp.jpg>]
<./plots/serial_vs_1core.jpg, id=36, 1027.84pt x 964.60374pt>
File: ./plots/serial_vs_1core.jpg Graphic file (type jpg)
<use ./plots/serial_vs_1core.jpg>
Package pdftex.def Info: ./plots/serial_vs_1core.jpg  used on input line 285.
(pdftex.def)             Requested size: 245.83525pt x 230.7001pt.

Underfull \hbox (badness 1852) in paragraph at lines 290--292
[]\OT1/cmr/m/n/10 Figure 4[] dis-plays the val-ues of the ra-tio
 []


Overfull \hbox (2.2222pt too wide) in paragraph at lines 284--300
[]$[]$ $[]$ 
 []

[5 <./plots/Serial_times.jpg>]
<./plots/strong_runtimes.jpg, id=40, 1017.8025pt x 964.60374pt>
File: ./plots/strong_runtimes.jpg Graphic file (type jpg)
<use ./plots/strong_runtimes.jpg>
Package pdftex.def Info: ./plots/strong_runtimes.jpg  used on input line 312.
(pdftex.def)             Requested size: 435.3303pt x 412.57845pt.


LaTeX Warning: `h' float specifier changed to `ht'.

[6 <./plots/serial_vs_1core.jpg>]
<./plots/strong_scaling1.jpg, id=45, 1037.8775pt x 964.60374pt>
File: ./plots/strong_scaling1.jpg Graphic file (type jpg)
<use ./plots/strong_scaling1.jpg>
Package pdftex.def Info: ./plots/strong_scaling1.jpg  used on input line 329.
(pdftex.def)             Requested size: 435.3303pt x 404.60094pt.


LaTeX Warning: `h' float specifier changed to `ht'.

[7 <./plots/strong_runtimes.jpg>]
<./plots/strong_scaling2_noerror.jpg, id=50, 1849.91125pt x 782.925pt>
File: ./plots/strong_scaling2_noerror.jpg Graphic file (type jpg)
<use ./plots/strong_scaling2_noerror.jpg>
Package pdftex.def Info: ./plots/strong_scaling2_noerror.jpg  used on input lin
e 340.
(pdftex.def)             Requested size: 512.14963pt x 216.75653pt.


LaTeX Warning: `h' float specifier changed to `ht'.


Overfull \hbox (2.22221pt too wide) in paragraph at lines 352--368
[]$[]$ $[]$ 
 []

[8 <./plots/strong_scaling1.jpg>]
<./plots/strong_scaling_fits.jpg, id=54, 1037.8775pt x 964.60374pt>
File: ./plots/strong_scaling_fits.jpg Graphic file (type jpg)
<use ./plots/strong_scaling_fits.jpg>
Package pdftex.def Info: ./plots/strong_scaling_fits.jpg  used on input line 39
6.
(pdftex.def)             Requested size: 435.3303pt x 404.60094pt.
 [9 <./plots/strong_scaling2_noerror.jpg>]
<./plots/k1_fit.jpg, id=58, 1037.8775pt x 964.60374pt>
File: ./plots/k1_fit.jpg Graphic file (type jpg)
<use ./plots/k1_fit.jpg>
Package pdftex.def Info: ./plots/k1_fit.jpg  used on input line 436.
(pdftex.def)             Requested size: 245.83525pt x 228.47758pt.

Overfull \hbox (2.2222pt too wide) in paragraph at lines 408--440
[]$[]$ $[]$ 
 []

[10 <./plots/strong_scaling_fits.jpg>]
Overfull \hbox (2.22221pt too wide) in paragraph at lines 457--473
[]$[]$ $[]$ 
 []

[11 <./plots/k1_fit.jpg>]
<./plots/overhead.jpg, id=65, 1037.8775pt x 964.60374pt>
File: ./plots/overhead.jpg Graphic file (type jpg)
<use ./plots/overhead.jpg>
Package pdftex.def Info: ./plots/overhead.jpg  used on input line 479.
(pdftex.def)             Requested size: 256.07481pt x 238.00055pt.
<./plots/overhead_fit.jpg, id=66, 1037.8775pt x 964.60374pt>
File: ./plots/overhead_fit.jpg Graphic file (type jpg)
<use ./plots/overhead_fit.jpg>
Package pdftex.def Info: ./plots/overhead_fit.jpg  used on input line 485.
(pdftex.def)             Requested size: 256.07481pt x 238.00055pt.

Overfull \hbox (2.22221pt too wide) in paragraph at lines 478--489
[]$[]$ $[]$ 
 []

<./plots/weak_runtimes.jpg, id=67, 1037.8775pt x 964.60374pt>
File: ./plots/weak_runtimes.jpg Graphic file (type jpg)
<use ./plots/weak_runtimes.jpg>
Package pdftex.def Info: ./plots/weak_runtimes.jpg  used on input line 505.
(pdftex.def)             Requested size: 435.3303pt x 404.60094pt.
[12 <./plots/overhead.jpg> <./plots/overhead_fit.jpg>] [13 <./plots/weak_runtim
es.jpg>]
<./plots/weak_scaling1.jpg, id=75, 1037.8775pt x 964.60374pt>
File: ./plots/weak_scaling1.jpg Graphic file (type jpg)
<use ./plots/weak_scaling1.jpg>
Package pdftex.def Info: ./plots/weak_scaling1.jpg  used on input line 518.
(pdftex.def)             Requested size: 409.72125pt x 380.80089pt.
<./plots/weak_scaling2.jpg, id=76, 1845.89626pt x 716.6775pt>
File: ./plots/weak_scaling2.jpg Graphic file (type jpg)
<use ./plots/weak_scaling2.jpg>
Package pdftex.def Info: ./plots/weak_scaling2.jpg  used on input line 524.
(pdftex.def)             Requested size: 460.93153pt x 178.95023pt.


LaTeX Warning: `h' float specifier changed to `ht'.


Overfull \hbox (2.22221pt too wide) in paragraph at lines 532--548
[]$[]$ $[]$ 
 []

<./plots/weak_scaling_fit.jpg, id=77, 1037.8775pt x 964.60374pt>
File: ./plots/weak_scaling_fit.jpg Graphic file (type jpg)
<use ./plots/weak_scaling_fit.jpg>
Package pdftex.def Info: ./plots/weak_scaling_fit.jpg  used on input line 554.
(pdftex.def)             Requested size: 435.3303pt x 404.60094pt.
[14 <./plots/weak_scaling1.jpg>] [15 <./plots/weak_scaling2.jpg> <./plots/weak_
scaling_fit.jpg>] [16] (./report.aux)

LaTeX Warning: There were multiply-defined labels.

 ) 
Here is how much of TeX's memory you used:
 4044 strings out of 483140
 61101 string characters out of 5965150
 305007 words of memory out of 5000000
 19049 multiletter control sequences out of 15000+600000
 539170 words of font info for 48 fonts, out of 8000000 for 9000
 36 hyphenation exceptions out of 8191
 48i,20n,46p,1154b,432s stack positions out of 5000i,500n,10000p,200000b,80000s
 </home/giulio/.texlive2019/texmf-var/fonts/pk/ljfour/jknappen/ec/tcrm1000.60
0pk></usr/share/texlive/texmf-dist/fonts/type1/public/amsfonts/cm/cmbx10.pfb></
usr/share/texlive/texmf-dist/fonts/type1/public/amsfonts/cm/cmbx12.pfb></usr/sh
are/texlive/texmf-dist/fonts/type1/public/amsfonts/cm/cmcsc10.pfb></usr/share/t
exlive/texmf-dist/fonts/type1/public/amsfonts/cm/cmex10.pfb></usr/share/texlive
/texmf-dist/fonts/type1/public/amsfonts/cm/cmmi10.pfb></usr/share/texlive/texmf
-dist/fonts/type1/public/amsfonts/cm/cmmi5.pfb></usr/share/texlive/texmf-dist/f
onts/type1/public/amsfonts/cm/cmmi7.pfb></usr/share/texlive/texmf-dist/fonts/ty
pe1/public/amsfonts/cm/cmr10.pfb></usr/share/texlive/texmf-dist/fonts/type1/pub
lic/amsfonts/cm/cmr12.pfb></usr/share/texlive/texmf-dist/fonts/type1/public/ams
fonts/cm/cmr17.pfb></usr/share/texlive/texmf-dist/fonts/type1/public/amsfonts/c
m/cmr7.pfb></usr/share/texlive/texmf-dist/fonts/type1/public/amsfonts/cm/cmr9.p
fb></usr/share/texlive/texmf-dist/fonts/type1/public/amsfonts/cm/cmsy10.pfb></u
sr/share/texlive/texmf-dist/fonts/type1/public/amsfonts/cm/cmsy7.pfb></usr/shar
e/texlive/texmf-dist/fonts/type1/public/amsfonts/cm/cmti10.pfb></usr/share/texl
ive/texmf-dist/fonts/type1/public/amsfonts/cm/cmtt10.pfb>
Output written on report.pdf (16 pages, 1569929 bytes).
PDF statistics:
 142 PDF objects out of 1000 (max. 8388607)
 89 compressed objects within 1 object stream
 0 named destinations out of 1000 (max. 500000)
 86 words of extra memory for PDF output out of 10000 (max. 10000000)

